********************************************************************************
DUPLICATOR-LITE PACKAGE-LOG: April 13, 2023 2:55 pm
NOTICE: Do NOT post to public sites or forums 
********************************************************************************
VERSION:	1.5.3.1
WORDPRESS:	6.2
PHP INFO:	8.1.9 | SAPI: fpm-fcgi
SERVER:		nginx/1.16.0 
PHP TIME LIMIT: (0) no time limit imposed 
PHP MAX MEMORY: 4294967296 (256M default) 
MEMORY STACK: 6MB

********************************************************************************
DATABASE:
********************************************************************************
BUILD MODE:   PHP(query limit - 100)
MYSQLTIMEOUT: 5000
MYSQLDUMP:    Not Supported
TABLES: total:13 | filtered:0 | create:13
FILTERED: []
SQL CREATED: 20230413_kinokoszyk_b3c3d33b80346fcf8178_20230413145423_database.sql
SQL FILE SIZE: 2.02MB (2122901)
SQL FILE TIME: 2023-04-13 14:55:36
SQL RUNTIME: 0.22 sec.

********************************************************************************
ARCHIVE (ZIP):
********************************************************************************
ARCHIVE DIR:  /Users/dator/Documents/Dev/Eget/WordPress/Local Sites/kino/app/public
ARCHIVE FILE: 20230413_kinokoszyk_b3c3d33b80346fcf8178_20230413145423_archive.zip
FILTERS: *OFF*
DIRS:
	not set
FILES:
	not set
EXTS:  not set
----------------------------------------
COMPRESSING
SIZE:	1.22GB
STATS:	Dirs 1,739 | Files 17,278
SQL ADDED: 20230413_kinokoszyk_b3c3d33b80346fcf8178_20230413145423_database.sql
ZipArchive Object
(
    [lastId] => 19016
    [status] => 0
    [statusSys] => 0
    [numFiles] => 19017
    [filename] => /Users/dator/Documents/Dev/Eget/WordPress/Local Sites/kino/app/public/wp-content/backups-dup-lite/tmp/20230413_kinokoszyk_b3c3d33b80346fcf8178_20230413145423_archive.zip
    [comment] => 
)

FILE ADDED TO ZIP: 19016
COMPRESSION RESULT: '1'
COMPRESSED SIZE: 1.09GB
ARCHIVE RUNTIME: 39.16 sec.
MEMORY STACK: 12.82MB
building installer
ARCHIVE CONSISTENCY TEST: PASS

********************************************************************************
INTEGRITY CHECKS:
********************************************************************************
SQL FILE: 2.02MB
INSTALLER FILE: 73.35KB
ARCHIVE FILE: 1.09GB 
EXPECTED FILE/DIRECTORY COUNT: 19,017
ACTUAL FILE/DIRECTORY COUNT: 19,016
ARCHIVE CONSISTENCY TEST: Pass

********************************************************************************
RECORD ID:[1]
TOTAL PROCESS RUNTIME: 49.04 sec.
PEAK PHP MEMORY USED: 16.82MB
DONE PROCESSING => 20230413_kinokoszyk April 13, 2023 2:56 pm

